生成启动时间为 2021/11/13 11:14:23。
     1>项目“C:\Users\陈睿颖\Desktop\VS各种瞎编的程序\作业6_1\作业6_1\作业6_1.vcxproj”在节点 2 上(build 个目标)。
     1>PrepareForBuild:
         正在创建目录“C:\Users\陈睿颖\Desktop\VS各种瞎编的程序\作业6_1\Debug\”。
       InitializeBuildStatus:
         正在创建“Debug\作业6_1.unsuccessfulbuild”，因为已指定“AlwaysCreate”。
       ClCompile:
         c:\Program Files (x86)\Microsoft Visual Studio 10.0\VC\bin\CL.exe /c /ZI /nologo /W3 /WX- /Od /Oy- /D WIN32 /D _DEBUG /D _CONSOLE /D _UNICODE /D UNICODE /Gm /EHsc /RTC1 /MDd /GS /fp:precise /Zc:wchar_t /Zc:forScope /Fo"Debug\\" /Fd"Debug\vc100.pdb" /Gd /TP /analyze- /errorReport:prompt 2.cpp
         2.cpp
     1>c:\users\陈睿颖\desktop\vs各种瞎编的程序\作业6_1\作业6_1\2.cpp(13): warning C4018: “<”: 有符号/无符号不匹配
       ManifestResourceCompile:
         c:\Program Files (x86)\Microsoft SDKs\Windows\v7.0A\bin\rc.exe /nologo /fo"Debug\作业6_1.exe.embed.manifest.res" "Debug\作业6_1_manifest.rc" 
       Link:
         c:\Program Files (x86)\Microsoft Visual Studio 10.0\VC\bin\link.exe /ERRORREPORT:PROMPT /OUT:"C:\Users\陈睿颖\Desktop\VS各种瞎编的程序\作业6_1\Debug\作业6_1.exe" /INCREMENTAL /NOLOGO kernel32.lib user32.lib gdi32.lib winspool.lib comdlg32.lib advapi32.lib shell32.lib ole32.lib oleaut32.lib uuid.lib odbc32.lib odbccp32.lib /MANIFEST /ManifestFile:"Debug\作业6_1.exe.intermediate.manifest" /MANIFESTUAC:"level='asInvoker' uiAccess='false'" /DEBUG /PDB:"C:\Users\陈睿颖\Desktop\VS各种瞎编的程序\作业6_1\Debug\作业6_1.pdb" /SUBSYSTEM:CONSOLE /TLBID:1 /DYNAMICBASE /NXCOMPAT /IMPLIB:"C:\Users\陈睿颖\Desktop\VS各种瞎编的程序\作业6_1\Debug\作业6_1.lib" /MACHINE:X86 "Debug\作业6_1.exe.embed.manifest.res"
         Debug\2.obj
       Manifest:
         c:\Program Files (x86)\Microsoft SDKs\Windows\v7.0A\bin\mt.exe /nologo /verbose /out:"Debug\作业6_1.exe.embed.manifest" /manifest "Debug\作业6_1.exe.intermediate.manifest"
         c:\Program Files (x86)\Microsoft SDKs\Windows\v7.0A\bin\rc.exe /nologo /fo"Debug\作业6_1.exe.embed.manifest.res" "Debug\作业6_1_manifest.rc" 
       LinkEmbedManifest:
         c:\Program Files (x86)\Microsoft Visual Studio 10.0\VC\bin\link.exe /ERRORREPORT:PROMPT /OUT:"C:\Users\陈睿颖\Desktop\VS各种瞎编的程序\作业6_1\Debug\作业6_1.exe" /INCREMENTAL /NOLOGO kernel32.lib user32.lib gdi32.lib winspool.lib comdlg32.lib advapi32.lib shell32.lib ole32.lib oleaut32.lib uuid.lib odbc32.lib odbccp32.lib /MANIFEST /ManifestFile:"Debug\作业6_1.exe.intermediate.manifest" /MANIFESTUAC:"level='asInvoker' uiAccess='false'" /DEBUG /PDB:"C:\Users\陈睿颖\Desktop\VS各种瞎编的程序\作业6_1\Debug\作业6_1.pdb" /SUBSYSTEM:CONSOLE /TLBID:1 /DYNAMICBASE /NXCOMPAT /IMPLIB:"C:\Users\陈睿颖\Desktop\VS各种瞎编的程序\作业6_1\Debug\作业6_1.lib" /MACHINE:X86 "Debug\作业6_1.exe.embed.manifest.res"
         Debug\2.obj
         作业6_1.vcxproj -> C:\Users\陈睿颖\Desktop\VS各种瞎编的程序\作业6_1\Debug\作业6_1.exe
       FinalizeBuildStatus:
         正在删除文件“Debug\作业6_1.unsuccessfulbuild”。
         正在对“Debug\作业6_1.lastbuildstate”执行 Touch 任务。
     1>已完成生成项目“C:\Users\陈睿颖\Desktop\VS各种瞎编的程序\作业6_1\作业6_1\作业6_1.vcxproj”(build 个目标)的操作。

生成成功。

已用时间 00:00:02.93
