生成启动时间为 2021/11/6 10:14:00。
     1>项目“C:\Users\陈睿颖\Desktop\VS各种瞎编的程序\作业3\作业3\作业3.vcxproj”在节点 2 上(build 个目标)。
     1>InitializeBuildStatus:
         正在创建“Debug\作业3.unsuccessfulbuild”，因为已指定“AlwaysCreate”。
       ClCompile:
         c:\Program Files (x86)\Microsoft Visual Studio 10.0\VC\bin\CL.exe /c /Zi /nologo /W3 /WX- /Od /Oy- /D WIN32 /D _DEBUG /D _CONSOLE /D _UNICODE /D UNICODE /Gm /EHsc /RTC1 /MDd /GS /fp:precise /Zc:wchar_t /Zc:forScope /Fo"Debug\\" /Fd"Debug\vc100.pdb" /Gd /TP /analyze- /errorReport:prompt 3.cpp
         3.cpp
     1>3.cpp(139): warning C4172: 返回局部变量或临时变量的地址
                 3.cpp(134): 编译类 模板 成员函数“linkedMatrixs<T> &linkedMatrixs<T>::add(linkedMatrixs<T> &)”时
                 with
                 [
                     T=int
                 ]
                 3.cpp(270): 参见对正在编译的类 模板 实例化“linkedMatrixs<T>”的引用
                 with
                 [
                     T=int
                 ]
     1>3.cpp(155): warning C4172: 返回局部变量或临时变量的地址
     1>3.cpp(163): warning C4172: 返回局部变量或临时变量的地址
                 3.cpp(158): 编译类 模板 成员函数“linkedMatrixs<T> &linkedMatrixs<T>::substract(linkedMatrixs<T> &)”时
                 with
                 [
                     T=int
                 ]
     1>3.cpp(179): warning C4172: 返回局部变量或临时变量的地址
     1>3.cpp(187): warning C4172: 返回局部变量或临时变量的地址
                 3.cpp(182): 编译类 模板 成员函数“linkedMatrixs<T> &linkedMatrixs<T>::multiply(linkedMatrixs<T> &)”时
                 with
                 [
                     T=int
                 ]
     1>3.cpp(211): warning C4172: 返回局部变量或临时变量的地址
     1>c:\users\陈睿颖\desktop\vs各种瞎编的程序\作业3\作业3\3.cpp(263): warning C4715: “operator>><int>”: 不是所有的控件路径都返回值
         c:\Program Files (x86)\Microsoft Visual Studio 10.0\VC\bin\CL.exe /c /Zi /clr /nologo /W3 /WX- /Od /Oy- /D WIN32 /D _DEBUG /D _CONSOLE /D _UNICODE /D UNICODE /Gm- /EHa /MDd /GS /fp:precise /Zc:wchar_t /Zc:forScope /Fo"Debug\\" /Fd"Debug\vc100.pdb" /Gd /TP /FU"C:\Program Files (x86)\Reference Assemblies\Microsoft\Framework\.NETFramework\v4.0\System.Core.dll" /FU"C:\Program Files (x86)\Reference Assemblies\Microsoft\Framework\.NETFramework\v4.0\System.Data.dll" /FU"C:\Program Files (x86)\Reference Assemblies\Microsoft\Framework\.NETFramework\v4.0\System.dll" /FU"C:\Program Files (x86)\Reference Assemblies\Microsoft\Framework\.NETFramework\v4.0\System.Drawing.dll" /FU"C:\Program Files (x86)\Reference Assemblies\Microsoft\Framework\.NETFramework\v4.0\System.Windows.Forms.dll" /FU"C:\Program Files (x86)\Reference Assemblies\Microsoft\Framework\.NETFramework\v4.0\System.Xml.dll" /analyze- /errorReport:prompt 2_1.cpp
         2_1.cpp
     1>c:\program files (x86)\reference assemblies\microsoft\framework\.netframework\v4.0\system.core.dll : warning C4945: “ExtensionAttribute”: 无法从“c:\program files (x86)\reference assemblies\microsoft\framework\.netframework\v4.0\system.core.dll”导入符号: 因为“System::Runtime::CompilerServices::ExtensionAttribute”已从另一个程序集“mscorlib”导入
                 c:\windows\microsoft.net\framework\v4.0.30319\mscorlib.dll : 参见“System::Runtime::CompilerServices::ExtensionAttribute”的声明
                 使用最先看到的类型；重新排列导入程序集的顺序以使用当前类型
                 在导入类型“System.Runtime.CompilerServices.ExtensionAttribute”(从程序集“System.Core, Version=4.0.0.0, Culture=neutral, PublicKeyToken=b77a5c561934e089”中导入)时发生此诊断。
       ManifestResourceCompile:
         所有输出均为最新。
       Link:
         c:\Program Files (x86)\Microsoft Visual Studio 10.0\VC\bin\link.exe /ERRORREPORT:PROMPT /OUT:"C:\Users\陈睿颖\Desktop\VS各种瞎编的程序\作业3\Debug\作业3.exe" /INCREMENTAL /NOLOGO kernel32.lib user32.lib gdi32.lib winspool.lib comdlg32.lib advapi32.lib shell32.lib ole32.lib oleaut32.lib uuid.lib odbc32.lib odbccp32.lib /MANIFEST /ManifestFile:"Debug\作业3.exe.intermediate.manifest" /MANIFESTUAC:"level='asInvoker' uiAccess='false'" /DEBUG /PDB:"C:\Users\陈睿颖\Desktop\VS各种瞎编的程序\作业3\Debug\作业3.pdb" /SUBSYSTEM:CONSOLE /TLBID:1 /DYNAMICBASE /NXCOMPAT /IMPLIB:"C:\Users\陈睿颖\Desktop\VS各种瞎编的程序\作业3\Debug\作业3.lib" /MACHINE:X86 "Debug\作业3.exe.embed.manifest.res"
         Debug\1.obj
         Debug\2.obj
         Debug\2_1.obj
         Debug\3.obj
       Manifest:
         c:\Program Files (x86)\Microsoft SDKs\Windows\v7.0A\bin\mt.exe /nologo /verbose /out:"Debug\作业3.exe.embed.manifest" /manifest "Debug\作业3.exe.intermediate.manifest"
         所有输出均为最新。
       LinkEmbedManifest:
         所有输出均为最新。
         作业3.vcxproj -> C:\Users\陈睿颖\Desktop\VS各种瞎编的程序\作业3\Debug\作业3.exe
       FinalizeBuildStatus:
         正在删除文件“Debug\作业3.unsuccessfulbuild”。
         正在对“Debug\作业3.lastbuildstate”执行 Touch 任务。
     1>已完成生成项目“C:\Users\陈睿颖\Desktop\VS各种瞎编的程序\作业3\作业3\作业3.vcxproj”(build 个目标)的操作。

生成成功。

已用时间 00:00:02.22
