生成启动时间为 2021/11/13 10:45:46。
     1>项目“C:\Users\陈睿颖\Desktop\VS各种瞎编的程序\作业5\作业5\作业5.vcxproj”在节点 2 上(build 个目标)。
     1>InitializeBuildStatus:
         正在对“Debug\作业5.unsuccessfulbuild”执行 Touch 任务。
       ClCompile:
         所有输出均为最新。
         c:\Program Files (x86)\Microsoft Visual Studio 10.0\VC\bin\CL.exe /c /Zi /nologo /W3 /WX- /Od /Oy- /D WIN32 /D _DEBUG /D _CONSOLE /D _UNICODE /D UNICODE /Gm /EHsc /RTC1 /MDd /GS /fp:precise /Zc:wchar_t /Zc:forScope /Fo"Debug\\" /Fd"Debug\vc100.pdb" /Gd /TP /analyze- /errorReport:prompt 2_1.cpp
         2_1.cpp
       ManifestResourceCompile:
         所有输出均为最新。
       Link:
         c:\Program Files (x86)\Microsoft Visual Studio 10.0\VC\bin\link.exe /ERRORREPORT:PROMPT /OUT:"C:\Users\陈睿颖\Desktop\VS各种瞎编的程序\作业5\Debug\作业5.exe" /INCREMENTAL /NOLOGO kernel32.lib user32.lib gdi32.lib winspool.lib comdlg32.lib advapi32.lib shell32.lib ole32.lib oleaut32.lib uuid.lib odbc32.lib odbccp32.lib /MANIFEST /ManifestFile:"Debug\作业5.exe.intermediate.manifest" /MANIFESTUAC:"level='asInvoker' uiAccess='false'" /DEBUG /PDB:"C:\Users\陈睿颖\Desktop\VS各种瞎编的程序\作业5\Debug\作业5.pdb" /SUBSYSTEM:CONSOLE /TLBID:1 /DYNAMICBASE /NXCOMPAT /IMPLIB:"C:\Users\陈睿颖\Desktop\VS各种瞎编的程序\作业5\Debug\作业5.lib" /MACHINE:X86 "Debug\作业5.exe.embed.manifest.res"
         Debug\1.obj
         Debug\2.obj
         Debug\2_1.obj
       Manifest:
         c:\Program Files (x86)\Microsoft SDKs\Windows\v7.0A\bin\mt.exe /nologo /verbose /out:"Debug\作业5.exe.embed.manifest" /manifest "Debug\作业5.exe.intermediate.manifest"
         所有输出均为最新。
       LinkEmbedManifest:
         所有输出均为最新。
         作业5.vcxproj -> C:\Users\陈睿颖\Desktop\VS各种瞎编的程序\作业5\Debug\作业5.exe
       FinalizeBuildStatus:
         正在删除文件“Debug\作业5.unsuccessfulbuild”。
         正在对“Debug\作业5.lastbuildstate”执行 Touch 任务。
     1>已完成生成项目“C:\Users\陈睿颖\Desktop\VS各种瞎编的程序\作业5\作业5\作业5.vcxproj”(build 个目标)的操作。

生成成功。

已用时间 00:00:02.03
